# JRE version: OpenJDK Runtime Environment Temurin-21.0.11+10 (21.0.11+10) (build 21.0.11+10-LTS)
# Java VM: OpenJDK 64-Bit Server VM Temurin-21.0.11+10 (21.0.11+10-LTS, mixed mode, sharing, tiered, compressed oops, compressed class ptrs, parallel gc, windows-amd64)
GC Precious Log:
 CardTable entry size: 512
 CPUs: 4 total, 4 available
 Memory: 3534M
 Large Page Support: Disabled
 NUMA Support: Disabled
 Compressed Oops: Enabled (32-bit)
 Alignments: Space 512K, Generation 512K, Heap 2M
 Heap Min Capacity: 100M
 Heap Initial Capacity: 100M
 Heap Max Capacity: 2G
 Pre-touch: Disabled
 Parallel Workers: 4
Heap:
 PSYoungGen      total 1536K, used 1273K [0x00000000d5580000, 0x00000000d5b80000, 0x0000000100000000)
  eden space 512K, 48% used [0x00000000d5580000,0x00000000d55be5d0,0x00000000d5600000)
  from space 1024K, 100% used [0x00000000d5880000,0x00000000d5980000,0x00000000d5980000)
  to   space 2560K, 0% used [0x00000000d5600000,0x00000000d5600000,0x00000000d5880000)
 ParOldGen       total 384000K, used 383561K [0x0000000080000000, 0x0000000097700000, 0x00000000d5580000)
  object space 384000K, 99% used [0x0000000080000000,0x0000000097692698,0x0000000097700000)
 Metaspace       used 70928K, committed 72448K, reserved 1114112K
  class space    used 7532K, committed 8192K, reserved 1048576K
GC Heap History (20 events):
Event: 204.155 GC heap before
{Heap before GC invocations=378 (full 3):
 PSYoungGen      total 2560K, used 2067K [0x00000000d5580000, 0x00000000d5980000, 0x0000000100000000)
  eden space 1024K, 100% used [0x00000000d5580000,0x00000000d5680000,0x00000000d5680000)
  from space 1536K, 67% used [0x00000000d5800000,0x00000000d5904db0,0x00000000d5980000)
  to   space 1536K, 0% used [0x00000000d5680000,0x00000000d5680000,0x00000000d5800000)
 ParOldGen       total 372736K, used 372268K [0x0000000080000000, 0x0000000096c00000, 0x00000000d5580000)
  object space 372736K, 99% used [0x0000000080000000,0x0000000096b8b280,0x0000000096c00000)
 Metaspace       used 70928K, committed 72448K, reserved 1114112K
  class space    used 7532K, committed 8192K, reserved 1048576K
}
Event: 204.162 GC heap after
{Heap after GC invocations=378 (full 3):
 PSYoungGen      total 2560K, used 1071K [0x00000000d5580000, 0x00000000d5980000, 0x0000000100000000)
  eden space 1024K, 0% used [0x00000000d5580000,0x00000000d5580000,0x00000000d5680000)
  from space 1536K, 69% used [0x00000000d5680000,0x00000000d578bf40,0x00000000d5800000)
  to   space 1536K, 0% used [0x00000000d5800000,0x00000000d5800000,0x00000000d5980000)
 ParOldGen       total 373760K, used 373301K [0x0000000080000000, 0x0000000096d00000, 0x00000000d5580000)
  object space 373760K, 99% used [0x0000000080000000,0x0000000096c8d580,0x0000000096d00000)
 Metaspace       used 70928K, committed 72448K, reserved 1114112K
  class space    used 7532K, committed 8192K, reserved 1048576K
}
Event: 204.225 GC heap before
{Heap before GC invocations=379 (full 3):
 PSYoungGen      total 2560K, used 2095K [0x00000000d5580000, 0x00000000d5980000, 0x0000000100000000)
  eden space 1024K, 100% used [0x00000000d5580000,0x00000000d5680000,0x00000000d5680000)
  from space 1536K, 69% used [0x00000000d5680000,0x00000000d578bf40,0x00000000d5800000)
  to   space 1536K, 0% used [0x00000000d5800000,0x00000000d5800000,0x00000000d5980000)
 ParOldGen       total 374784K, used 374645K [0x0000000080000000, 0x0000000096e00000, 0x00000000d5580000)
  object space 374784K, 99% used [0x0000000080000000,0x0000000096ddd580,0x0000000096e00000)
 Metaspace       used 70928K, committed 72448K, reserved 1114112K
  class space    used 7532K, committed 8192K, reserved 1048576K
}
Event: 204.231 GC heap after
{Heap after GC invocations=379 (full 3):
 PSYoungGen      total 2560K, used 1088K [0x00000000d5580000, 0x00000000d5980000, 0x0000000100000000)
  eden space 1024K, 0% used [0x00000000d5580000,0x00000000d5580000,0x00000000d5680000)
  from space 1536K, 70% used [0x00000000d5800000,0x00000000d5910000,0x00000000d5980000)
  to   space 1536K, 0% used [0x00000000d5680000,0x00000000d5680000,0x00000000d5800000)
 ParOldGen       total 375808K, used 375664K [0x0000000080000000, 0x0000000096f00000, 0x00000000d5580000)
  object space 375808K, 99% used [0x0000000080000000,0x0000000096edc3f8,0x0000000096f00000)
 Metaspace       used 70928K, committed 72448K, reserved 1114112K
  class space    used 7532K, committed 8192K, reserved 1048576K
}
Event: 204.295 GC heap before
{Heap before GC invocations=380 (full 3):
 PSYoungGen      total 2560K, used 2112K [0x00000000d5580000, 0x00000000d5980000, 0x0000000100000000)
  eden space 1024K, 100% used [0x00000000d5580000,0x00000000d5680000,0x00000000d5680000)
  from space 1536K, 70% used [0x00000000d5800000,0x00000000d5910000,0x00000000d5980000)
  to   space 1536K, 0% used [0x00000000d5680000,0x00000000d5680000,0x00000000d5800000)
 ParOldGen       total 375808K, used 375664K [0x0000000080000000, 0x0000000096f00000, 0x00000000d5580000)
  object space 375808K, 99% used [0x0000000080000000,0x0000000096edc3f8,0x0000000096f00000)
 Metaspace       used 70928K, committed 72448K, reserved 1114112K
  class space    used 7532K, committed 8192K, reserved 1048576K
}
Event: 204.301 GC heap after
{Heap after GC invocations=380 (full 3):
 PSYoungGen      total 2560K, used 1075K [0x00000000d5580000, 0x00000000d5980000, 0x0000000100000000)
  eden space 1024K, 0% used [0x00000000d5580000,0x00000000d5580000,0x00000000d5680000)
  from space 1536K, 70% used [0x00000000d5680000,0x00000000d578cdb0,0x00000000d5800000)
  to   space 1536K, 0% used [0x00000000d5800000,0x00000000d5800000,0x00000000d5980000)
 ParOldGen       total 376832K, used 376694K [0x0000000080000000, 0x0000000097000000, 0x00000000d5580000)
  object space 376832K, 99% used [0x0000000080000000,0x0000000096fdd938,0x0000000097000000)
 Metaspace       used 70928K, committed 72448K, reserved 1114112K
  class space    used 7532K, committed 8192K, reserved 1048576K
}
Event: 204.363 GC heap before
{Heap before GC invocations=381 (full 3):
 PSYoungGen      total 2560K, used 2085K [0x00000000d5580000, 0x00000000d5980000, 0x0000000100000000)
  eden space 1024K, 98% used [0x00000000d5580000,0x00000000d567c810,0x00000000d5680000)
  from space 1536K, 70% used [0x00000000d5680000,0x00000000d578cdb0,0x00000000d5800000)
  to   space 1536K, 0% used [0x00000000d5800000,0x00000000d5800000,0x00000000d5980000)
 ParOldGen       total 376832K, used 376694K [0x0000000080000000, 0x0000000097000000, 0x00000000d5580000)
  object space 376832K, 99% used [0x0000000080000000,0x0000000096fdd938,0x0000000097000000)
 Metaspace       used 70928K, committed 72448K, reserved 1114112K
  class space    used 7532K, committed 8192K, reserved 1048576K
}
Event: 204.369 GC heap after
{Heap after GC invocations=381 (full 3):
 PSYoungGen      total 2560K, used 1055K [0x00000000d5580000, 0x00000000d5980000, 0x0000000100000000)
  eden space 1024K, 0% used [0x00000000d5580000,0x00000000d5580000,0x00000000d5680000)
  from space 1536K, 68% used [0x00000000d5800000,0x00000000d5907e30,0x00000000d5980000)
  to   space 1536K, 0% used [0x00000000d5680000,0x00000000d5680000,0x00000000d5800000)
 ParOldGen       total 377856K, used 377724K [0x0000000080000000, 0x0000000097100000, 0x00000000d5580000)
  object space 377856K, 99% used [0x0000000080000000,0x00000000970df118,0x0000000097100000)
 Metaspace       used 70928K, committed 72448K, reserved 1114112K
  class space    used 7532K, committed 8192K, reserved 1048576K
}
Event: 204.446 GC heap before
{Heap before GC invocations=382 (full 3):
 PSYoungGen      total 2560K, used 2079K [0x00000000d5580000, 0x00000000d5980000, 0x0000000100000000)
  eden space 1024K, 100% used [0x00000000d5580000,0x00000000d5680000,0x00000000d5680000)
  from space 1536K, 68% used [0x00000000d5800000,0x00000000d5907e30,0x00000000d5980000)
  to   space 1536K, 0% used [0x00000000d5680000,0x00000000d5680000,0x00000000d5800000)
 ParOldGen       total 377856K, used 377724K [0x0000000080000000, 0x0000000097100000, 0x00000000d5580000)
  object space 377856K, 99% used [0x0000000080000000,0x00000000970df118,0x0000000097100000)
 Metaspace       used 70928K, committed 72448K, reserved 1114112K
  class space    used 7532K, committed 8192K, reserved 1048576K
}
Event: 204.465 GC heap after
{Heap after GC invocations=382 (full 3):
 PSYoungGen      total 2560K, used 1075K [0x00000000d5580000, 0x00000000d5980000, 0x0000000100000000)
  eden space 1024K, 0% used [0x00000000d5580000,0x00000000d5580000,0x00000000d5680000)
  from space 1536K, 70% used [0x00000000d5680000,0x00000000d578cfd0,0x00000000d5800000)
  to   space 1536K, 0% used [0x00000000d5800000,0x00000000d5800000,0x00000000d5980000)
 ParOldGen       total 378880K, used 378722K [0x0000000080000000, 0x0000000097200000, 0x00000000d5580000)
  object space 378880K, 99% used [0x0000000080000000,0x00000000971d89b8,0x0000000097200000)
 Metaspace       used 70928K, committed 72448K, reserved 1114112K
  class space    used 7532K, committed 8192K, reserved 1048576K
}
Event: 204.533 GC heap before
{Heap before GC invocations=383 (full 3):
 PSYoungGen      total 2560K, used 1805K [0x00000000d5580000, 0x00000000d5980000, 0x0000000100000000)
  eden space 1024K, 71% used [0x00000000d5580000,0x00000000d5636780,0x00000000d5680000)
  from space 1536K, 70% used [0x00000000d5680000,0x00000000d578cfd0,0x00000000d5800000)
  to   space 1536K, 0% used [0x00000000d5800000,0x00000000d5800000,0x00000000d5980000)
 ParOldGen       total 378880K, used 378722K [0x0000000080000000, 0x0000000097200000, 0x00000000d5580000)
  object space 378880K, 99% used [0x0000000080000000,0x00000000971d89b8,0x0000000097200000)
 Metaspace       used 70928K, committed 72448K, reserved 1114112K
  class space    used 7532K, committed 8192K, reserved 1048576K
}
Event: 204.580 GC heap after
{Heap after GC invocations=383 (full 3):
 PSYoungGen      total 2048K, used 768K [0x00000000d5580000, 0x00000000d5900000, 0x0000000100000000)
  eden space 1024K, 0% used [0x00000000d5580000,0x00000000d5580000,0x00000000d5680000)
  from space 1024K, 75% used [0x00000000d5800000,0x00000000d58c0000,0x00000000d5900000)
  to   space 1024K, 0% used [0x00000000d5700000,0x00000000d5700000,0x00000000d5800000)
 ParOldGen       total 379904K, used 379739K [0x0000000080000000, 0x0000000097300000, 0x00000000d5580000)
  object space 379904K, 99% used [0x0000000080000000,0x00000000972d6de0,0x0000000097300000)
 Metaspace       used 70928K, committed 72448K, reserved 1114112K
  class space    used 7532K, committed 8192K, reserved 1048576K
}
Event: 206.766 GC heap before
{Heap before GC invocations=384 (full 3):
 PSYoungGen      total 2048K, used 1792K [0x00000000d5580000, 0x00000000d5900000, 0x0000000100000000)
  eden space 1024K, 100% used [0x00000000d5580000,0x00000000d5680000,0x00000000d5680000)
  from space 1024K, 75% used [0x00000000d5800000,0x00000000d58c0000,0x00000000d5900000)
  to   space 1024K, 0% used [0x00000000d5700000,0x00000000d5700000,0x00000000d5800000)
 ParOldGen       total 379904K, used 379739K [0x0000000080000000, 0x0000000097300000, 0x00000000d5580000)
  object space 379904K, 99% used [0x0000000080000000,0x00000000972d6de0,0x0000000097300000)
 Metaspace       used 70928K, committed 72448K, reserved 1114112K
  class space    used 7532K, committed 8192K, reserved 1048576K
}
Event: 206.804 GC heap after
{Heap after GC invocations=384 (full 3):
 PSYoungGen      total 2048K, used 1024K [0x00000000d5580000, 0x00000000d5a80000, 0x0000000100000000)
  eden space 1024K, 0% used [0x00000000d5580000,0x00000000d5580000,0x00000000d5680000)
  from space 1024K, 100% used [0x00000000d5700000,0x00000000d5800000,0x00000000d5800000)
  to   space 2048K, 0% used [0x00000000d5880000,0x00000000d5880000,0x00000000d5a80000)
 ParOldGen       total 380928K, used 380472K [0x0000000080000000, 0x0000000097400000, 0x00000000d5580000)
  object space 380928K, 99% used [0x0000000080000000,0x000000009738e2f8,0x0000000097400000)
 Metaspace       used 70928K, committed 72448K, reserved 1114112K
  class space    used 7532K, committed 8192K, reserved 1048576K
}
Event: 207.357 GC heap before
{Heap before GC invocations=385 (full 3):
 PSYoungGen      total 2048K, used 2047K [0x00000000d5580000, 0x00000000d5a80000, 0x0000000100000000)
  eden space 1024K, 99% used [0x00000000d5580000,0x00000000d567ffd8,0x00000000d5680000)
  from space 1024K, 100% used [0x00000000d5700000,0x00000000d5800000,0x00000000d5800000)
  to   space 2048K, 0% used [0x00000000d5880000,0x00000000d5880000,0x00000000d5a80000)
 ParOldGen       total 380928K, used 380472K [0x0000000080000000, 0x0000000097400000, 0x00000000d5580000)
  object space 380928K, 99% used [0x0000000080000000,0x000000009738e2f8,0x0000000097400000)
 Metaspace       used 70928K, committed 72448K, reserved 1114112K
  class space    used 7532K, committed 8192K, reserved 1048576K
}
Event: 207.364 GC heap after
{Heap after GC invocations=385 (full 3):
 PSYoungGen      total 2560K, used 1042K [0x00000000d5580000, 0x00000000d5a00000, 0x0000000100000000)
  eden space 1024K, 0% used [0x00000000d5580000,0x00000000d5580000,0x00000000d5680000)
  from space 1536K, 67% used [0x00000000d5880000,0x00000000d59849e8,0x00000000d5a00000)
  to   space 1536K, 0% used [0x00000000d5700000,0x00000000d5700000,0x00000000d5880000)
 ParOldGen       total 381952K, used 381502K [0x0000000080000000, 0x0000000097500000, 0x00000000d5580000)
  object space 381952K, 99% used [0x0000000080000000,0x000000009748f848,0x0000000097500000)
 Metaspace       used 70928K, committed 72448K, reserved 1114112K
  class space    used 7532K, committed 8192K, reserved 1048576K
}
Event: 207.831 GC heap before
{Heap before GC invocations=386 (full 3):
 PSYoungGen      total 2560K, used 2066K [0x00000000d5580000, 0x00000000d5a00000, 0x0000000100000000)
  eden space 1024K, 100% used [0x00000000d5580000,0x00000000d5680000,0x00000000d5680000)
  from space 1536K, 67% used [0x00000000d5880000,0x00000000d59849e8,0x00000000d5a00000)
  to   space 1536K, 0% used [0x00000000d5700000,0x00000000d5700000,0x00000000d5880000)
 ParOldGen       total 381952K, used 381502K [0x0000000080000000, 0x0000000097500000, 0x00000000d5580000)
  object space 381952K, 99% used [0x0000000080000000,0x000000009748f848,0x0000000097500000)
 Metaspace       used 70928K, committed 72448K, reserved 1114112K
  class space    used 7532K, committed 8192K, reserved 1048576K
}
Event: 207.839 GC heap after
{Heap after GC invocations=386 (full 3):
 PSYoungGen      total 2560K, used 1063K [0x00000000d5580000, 0x00000000d5980000, 0x0000000100000000)
  eden space 1024K, 0% used [0x00000000d5580000,0x00000000d5580000,0x00000000d5680000)
  from space 1536K, 69% used [0x00000000d5700000,0x00000000d5809fa0,0x00000000d5880000)
  to   space 1024K, 0% used [0x00000000d5880000,0x00000000d5880000,0x00000000d5980000)
 ParOldGen       total 382976K, used 382529K [0x0000000080000000, 0x0000000097600000, 0x00000000d5580000)
  object space 382976K, 99% used [0x0000000080000000,0x0000000097590740,0x0000000097600000)
 Metaspace       used 70928K, committed 72448K, reserved 1114112K
  class space    used 7532K, committed 8192K, reserved 1048576K
}
Event: 208.766 GC heap before
{Heap before GC invocations=387 (full 3):
 PSYoungGen      total 2560K, used 2071K [0x00000000d5580000, 0x00000000d5980000, 0x0000000100000000)
  eden space 1024K, 98% used [0x00000000d5580000,0x00000000d567bde0,0x00000000d5680000)
  from space 1536K, 69% used [0x00000000d5700000,0x00000000d5809fa0,0x00000000d5880000)
  to   space 1024K, 0% used [0x00000000d5880000,0x00000000d5880000,0x00000000d5980000)
 ParOldGen       total 382976K, used 382529K [0x0000000080000000, 0x0000000097600000, 0x00000000d5580000)
  object space 382976K, 99% used [0x0000000080000000,0x0000000097590740,0x0000000097600000)
 Metaspace       used 70928K, committed 72448K, reserved 1114112K
  class space    used 7532K, committed 8192K, reserved 1048576K
}
Event: 208.811 GC heap after
{Heap after GC invocations=387 (full 3):
 PSYoungGen      total 1536K, used 1024K [0x00000000d5580000, 0x00000000d5b80000, 0x0000000100000000)
  eden space 512K, 0% used [0x00000000d5580000,0x00000000d5580000,0x00000000d5600000)
  from space 1024K, 100% used [0x00000000d5880000,0x00000000d5980000,0x00000000d5980000)
  to   space 2560K, 0% used [0x00000000d5600000,0x00000000d5600000,0x00000000d5880000)
 ParOldGen       total 384000K, used 383561K [0x0000000080000000, 0x0000000097700000, 0x00000000d5580000)
  object space 384000K, 99% used [0x0000000080000000,0x0000000097692698,0x0000000097700000)
 Metaspace       used 70928K, committed 72448K, reserved 1114112K
  class space    used 7532K, committed 8192K, reserved 1048576K
}

